
 ⛅️ wrangler 4.70.0
───────────────────
No Functions. Shimming...
✨ Parsed 3 valid header rules.
Your Worker has access to the following bindings:
Binding                                                                   Resource                  Mode
env.CF_PAGES ("1")                                                        Environment Variable      local
env.CF_PAGES_BRANCH ("main")                                              Environment Variable      local
env.CF_PAGES_COMMIT_SHA ("a6ffe844a065cdfab04a135717b7f9392c862...")      Environment Variable      local
env.CF_PAGES_URL ("https://a6ffe84.louisbrowne.pages.dev")                Environment Variable      local

⎔ Starting local server...
[wrangler:info] Ready on http://localhost:8788
[wrangler:info] HEAD / 404 Not Found (8ms)
[wrangler:info] GET / 404 Not Found (3ms)
Your Worker has access to the following bindings:
Binding                                                                   Resource                  Mode
env.CF_PAGES ("1")                                                        Environment Variable      local
env.CF_PAGES_BRANCH ("main")                                              Environment Variable      local
env.CF_PAGES_COMMIT_SHA ("a6ffe844a065cdfab04a135717b7f9392c862...")      Environment Variable      local
env.CF_PAGES_URL ("https://a6ffe84.louisbrowne.pages.dev")                Environment Variable      local

⎔ Reloading local server...
[wrangler:info] ✨ Parsed 3 valid header rules.
⎔ Local server updated and ready
